<?xml version="1.0" encoding="UTF-8"?>
<testsuite xmlns:xsi="http://www.w3.org/2001/XMLSchema-instance" xsi:noNamespaceSchemaLocation="https://maven.apache.org/surefire/maven-surefire-plugin/xsd/surefire-test-report.xsd" name="org.team.universe.AppTest" time="0.025" tests="1" errors="0" skipped="0" failures="0">
  <properties>
    <property name="gopherProxySet" value="false"/>
    <property name="awt.toolkit" value="sun.lwawt.macosx.LWCToolkit"/>
    <property name="java.specification.version" value="11"/>
    <property name="sun.cpu.isalist" value=""/>
    <property name="sun.jnu.encoding" value="UTF-8"/>
    <property name="java.class.path" value="/Users/liam/Documents/cs222/target/test-classes:/Users/liam/Documents/cs222/target/classes:/Users/liam/.m2/repository/junit/junit/4.11/junit-4.11.jar:/Users/liam/.m2/repository/org/hamcrest/hamcrest-core/1.3/hamcrest-core-1.3.jar:"/>
    <property name="java.vm.vendor" value="Eclipse Adoptium"/>
    <property name="sun.arch.data.model" value="64"/>
    <property name="java.vendor.url" value="https://adoptium.net/"/>
    <property name="user.timezone" value=""/>
    <property name="java.vm.specification.version" value="11"/>
    <property name="os.name" value="Mac OS X"/>
    <property name="sun.java.launcher" value="SUN_STANDARD"/>
    <property name="user.country" value="US"/>
    <property name="sun.boot.library.path" value="/Users/liam/Library/Java/JavaVirtualMachines/temurin-11.0.16.1/Contents/Home/lib"/>
    <property name="sun.java.command" value="/Users/liam/Documents/cs222/target/surefire/surefirebooter15398121761560826079.jar /Users/liam/Documents/cs222/target/surefire 2022-09-28T16-40-02_472-jvmRun1 surefire2854323744979097252tmp surefire_0294979341620155354tmp"/>
    <property name="http.nonProxyHosts" value="192.168.0.0/16|*.192.168.0.0/16|10.0.0.0/8|*.10.0.0.0/8|172.16.0.0/12|*.172.16.0.0/12|127.0.0.1|localhost|*.localhost|local|*.local"/>
    <property name="jdk.debug" value="release"/>
    <property name="surefire.test.class.path" value="/Users/liam/Documents/cs222/target/test-classes:/Users/liam/Documents/cs222/target/classes:/Users/liam/.m2/repository/junit/junit/4.11/junit-4.11.jar:/Users/liam/.m2/repository/org/hamcrest/hamcrest-core/1.3/hamcrest-core-1.3.jar:"/>
    <property name="sun.cpu.endian" value="little"/>
    <property name="user.home" value="/Users/liam"/>
    <property name="user.language" value="en"/>
    <property name="java.specification.vendor" value="Oracle Corporation"/>
    <property name="java.version.date" value="2022-08-12"/>
    <property name="java.home" value="/Users/liam/Library/Java/JavaVirtualMachines/temurin-11.0.16.1/Contents/Home"/>
    <property name="file.separator" value="/"/>
    <property name="basedir" value="/Users/liam/Documents/cs222"/>
    <property name="java.vm.compressedOopsMode" value="Zero based"/>
    <property name="line.separator" value="&#10;"/>
    <property name="java.specification.name" value="Java Platform API Specification"/>
    <property name="java.vm.specification.vendor" value="Oracle Corporation"/>
    <property name="java.awt.graphicsenv" value="sun.awt.CGraphicsEnvironment"/>
    <property name="surefire.real.class.path" value="/Users/liam/Documents/cs222/target/surefire/surefirebooter15398121761560826079.jar"/>
    <property name="sun.management.compiler" value="HotSpot 64-Bit Tiered Compilers"/>
    <property name="ftp.nonProxyHosts" value="192.168.0.0/16|*.192.168.0.0/16|10.0.0.0/8|*.10.0.0.0/8|172.16.0.0/12|*.172.16.0.0/12|127.0.0.1|localhost|*.localhost|local|*.local"/>
    <property name="java.runtime.version" value="11.0.16.1+1"/>
    <property name="user.name" value="liam"/>
    <property name="path.separator" value=":"/>
    <property name="os.version" value="12.5.1"/>
    <property name="java.runtime.name" value="OpenJDK Runtime Environment"/>
    <property name="file.encoding" value="UTF-8"/>
    <property name="java.vm.name" value="OpenJDK 64-Bit Server VM"/>
    <property name="java.vendor.version" value="Temurin-11.0.16.1+1"/>
    <property name="localRepository" value="/Users/liam/.m2/repository"/>
    <property name="java.vendor.url.bug" value="https://github.com/adoptium/adoptium-support/issues"/>
    <property name="java.io.tmpdir" value="/var/folders/6j/5jtqp87504lbw9ysdzgq9h1h0000gn/T/"/>
    <property name="java.version" value="11.0.16.1"/>
    <property name="user.dir" value="/Users/liam/Documents/cs222"/>
    <property name="os.arch" value="x86_64"/>
    <property name="java.vm.specification.name" value="Java Virtual Machine Specification"/>
    <property name="java.awt.printerjob" value="sun.lwawt.macosx.CPrinterJob"/>
    <property name="sun.os.patch.level" value="unknown"/>
    <property name="java.library.path" value="/Users/liam/Library/Java/Extensions:/Library/Java/Extensions:/Network/Library/Java/Extensions:/System/Library/Java/Extensions:/usr/lib/java:."/>
    <property name="java.vm.info" value="mixed mode"/>
    <property name="java.vendor" value="Eclipse Adoptium"/>
    <property name="java.vm.version" value="11.0.16.1+1"/>
    <property name="sun.io.unicode.encoding" value="UnicodeBig"/>
    <property name="java.class.version" value="55.0"/>
    <property name="socksNonProxyHosts" value="192.168.0.0/16|*.192.168.0.0/16|10.0.0.0/8|*.10.0.0.0/8|172.16.0.0/12|*.172.16.0.0/12|127.0.0.1|localhost|*.localhost|local|*.local"/>
  </properties>
  <testcase name="shouldAnswerWithTrue" classname="org.team.universe.AppTest" time="0.002"/>
</testsuite>